SEO UPDATE LOG - 2025-03-26 03:20:06
================================================================================

Total products processed: 50
Successful updates: 0
Failed updates: 50
Execution time: 0:00:00.536398

FAILED PRODUCTS:
================================================================================
1. Product: Product at index 0 (ID: Unknown)
   Error: Unexpected error during processing
   Details: 'ID'

2. Product: Product at index 1 (ID: Unknown)
   Error: Unexpected error during processing
   Details: 'ID'

3. Product: Product at index 2 (ID: Unknown)
   Error: Unexpected error during processing
   Details: 'ID'

4. Product: Product at index 3 (ID: Unknown)
   Error: Unexpected error during processing
   Details: 'ID'

5. Product: Product at index 4 (ID: Unknown)
   Error: Unexpected error during processing
   Details: 'ID'

6. Product: Product at index 5 (ID: Unknown)
   Error: Unexpected error during processing
   Details: 'ID'

7. Product: Product at index 6 (ID: Unknown)
   Error: Unexpected error during processing
   Details: 'ID'

8. Product: Product at index 7 (ID: Unknown)
   Error: Unexpected error during processing
   Details: 'ID'

9. Product: Product at index 8 (ID: Unknown)
   Error: Unexpected error during processing
   Details: 'ID'

10. Product: Product at index 9 (ID: Unknown)
   Error: Unexpected error during processing
   Details: 'ID'

11. Product: Product at index 10 (ID: Unknown)
   Error: Unexpected error during processing
   Details: 'ID'

12. Product: Product at index 11 (ID: Unknown)
   Error: Unexpected error during processing
   Details: 'ID'

13. Product: Product at index 12 (ID: Unknown)
   Error: Unexpected error during processing
   Details: 'ID'

14. Product: Product at index 13 (ID: Unknown)
   Error: Unexpected error during processing
   Details: 'ID'

15. Product: Product at index 14 (ID: Unknown)
   Error: Unexpected error during processing
   Details: 'ID'

16. Product: Product at index 15 (ID: Unknown)
   Error: Unexpected error during processing
   Details: 'ID'

17. Product: Product at index 16 (ID: Unknown)
   Error: Unexpected error during processing
   Details: 'ID'

18. Product: Product at index 17 (ID: Unknown)
   Error: Unexpected error during processing
   Details: 'ID'

19. Product: Product at index 18 (ID: Unknown)
   Error: Unexpected error during processing
   Details: 'ID'

20. Product: Product at index 19 (ID: Unknown)
   Error: Unexpected error during processing
   Details: 'ID'

21. Product: Product at index 20 (ID: Unknown)
   Error: Unexpected error during processing
   Details: 'ID'

22. Product: Product at index 21 (ID: Unknown)
   Error: Unexpected error during processing
   Details: 'ID'

23. Product: Product at index 22 (ID: Unknown)
   Error: Unexpected error during processing
   Details: 'ID'

24. Product: Product at index 23 (ID: Unknown)
   Error: Unexpected error during processing
   Details: 'ID'

25. Product: Product at index 24 (ID: Unknown)
   Error: Unexpected error during processing
   Details: 'ID'

26. Product: Product at index 25 (ID: Unknown)
   Error: Unexpected error during processing
   Details: 'ID'

27. Product: Product at index 26 (ID: Unknown)
   Error: Unexpected error during processing
   Details: 'ID'

28. Product: Product at index 27 (ID: Unknown)
   Error: Unexpected error during processing
   Details: 'ID'

29. Product: Product at index 28 (ID: Unknown)
   Error: Unexpected error during processing
   Details: 'ID'

30. Product: Product at index 29 (ID: Unknown)
   Error: Unexpected error during processing
   Details: 'ID'

31. Product: Product at index 30 (ID: Unknown)
   Error: Unexpected error during processing
   Details: 'ID'

32. Product: Product at index 31 (ID: Unknown)
   Error: Unexpected error during processing
   Details: 'ID'

33. Product: Product at index 32 (ID: Unknown)
   Error: Unexpected error during processing
   Details: 'ID'

34. Product: Product at index 33 (ID: Unknown)
   Error: Unexpected error during processing
   Details: 'ID'

35. Product: Product at index 34 (ID: Unknown)
   Error: Unexpected error during processing
   Details: 'ID'

36. Product: Product at index 35 (ID: Unknown)
   Error: Unexpected error during processing
   Details: 'ID'

37. Product: Product at index 36 (ID: Unknown)
   Error: Unexpected error during processing
   Details: 'ID'

38. Product: Product at index 37 (ID: Unknown)
   Error: Unexpected error during processing
   Details: 'ID'

39. Product: Product at index 38 (ID: Unknown)
   Error: Unexpected error during processing
   Details: 'ID'

40. Product: Product at index 39 (ID: Unknown)
   Error: Unexpected error during processing
   Details: 'ID'

41. Product: Product at index 40 (ID: Unknown)
   Error: Unexpected error during processing
   Details: 'ID'

42. Product: Product at index 41 (ID: Unknown)
   Error: Unexpected error during processing
   Details: 'ID'

43. Product: Product at index 42 (ID: Unknown)
   Error: Unexpected error during processing
   Details: 'ID'

44. Product: Product at index 43 (ID: Unknown)
   Error: Unexpected error during processing
   Details: 'ID'

45. Product: Product at index 44 (ID: Unknown)
   Error: Unexpected error during processing
   Details: 'ID'

46. Product: Product at index 45 (ID: Unknown)
   Error: Unexpected error during processing
   Details: 'ID'

47. Product: Product at index 46 (ID: Unknown)
   Error: Unexpected error during processing
   Details: 'ID'

48. Product: Product at index 47 (ID: Unknown)
   Error: Unexpected error during processing
   Details: 'ID'

49. Product: Product at index 48 (ID: Unknown)
   Error: Unexpected error during processing
   Details: 'ID'

50. Product: Product at index 49 (ID: Unknown)
   Error: Unexpected error during processing
   Details: 'ID'

