SEO UPDATE LOG - 2025-03-26 04:04:05
================================================================================

Total products processed: 50
Successful updates: 0
Failed updates: 50
Execution time: 0:00:00.588467

FAILED PRODUCTS:
================================================================================
1. Product: Row 1 (ID: Unknown)
   Error: Missing product ID
   Details: Product ID is required but was missing or zero in the Excel file

2. Product: Row 2 (ID: Unknown)
   Error: Missing product ID
   Details: Product ID is required but was missing or zero in the Excel file

3. Product: Row 3 (ID: Unknown)
   Error: Missing product ID
   Details: Product ID is required but was missing or zero in the Excel file

4. Product: Row 4 (ID: Unknown)
   Error: Missing product ID
   Details: Product ID is required but was missing or zero in the Excel file

5. Product: Row 5 (ID: Unknown)
   Error: Missing product ID
   Details: Product ID is required but was missing or zero in the Excel file

6. Product: Row 6 (ID: Unknown)
   Error: Missing product ID
   Details: Product ID is required but was missing or zero in the Excel file

7. Product: Row 7 (ID: Unknown)
   Error: Missing product ID
   Details: Product ID is required but was missing or zero in the Excel file

8. Product: Row 8 (ID: Unknown)
   Error: Missing product ID
   Details: Product ID is required but was missing or zero in the Excel file

9. Product: Row 9 (ID: Unknown)
   Error: Missing product ID
   Details: Product ID is required but was missing or zero in the Excel file

10. Product: Row 10 (ID: Unknown)
   Error: Missing product ID
   Details: Product ID is required but was missing or zero in the Excel file

11. Product: Row 11 (ID: Unknown)
   Error: Missing product ID
   Details: Product ID is required but was missing or zero in the Excel file

12. Product: Row 12 (ID: Unknown)
   Error: Missing product ID
   Details: Product ID is required but was missing or zero in the Excel file

13. Product: Row 13 (ID: Unknown)
   Error: Missing product ID
   Details: Product ID is required but was missing or zero in the Excel file

14. Product: Row 14 (ID: Unknown)
   Error: Missing product ID
   Details: Product ID is required but was missing or zero in the Excel file

15. Product: Row 15 (ID: Unknown)
   Error: Missing product ID
   Details: Product ID is required but was missing or zero in the Excel file

16. Product: Row 16 (ID: Unknown)
   Error: Missing product ID
   Details: Product ID is required but was missing or zero in the Excel file

17. Product: Row 17 (ID: Unknown)
   Error: Missing product ID
   Details: Product ID is required but was missing or zero in the Excel file

18. Product: Row 18 (ID: Unknown)
   Error: Missing product ID
   Details: Product ID is required but was missing or zero in the Excel file

19. Product: Row 19 (ID: Unknown)
   Error: Missing product ID
   Details: Product ID is required but was missing or zero in the Excel file

20. Product: Row 20 (ID: Unknown)
   Error: Missing product ID
   Details: Product ID is required but was missing or zero in the Excel file

21. Product: Row 21 (ID: Unknown)
   Error: Missing product ID
   Details: Product ID is required but was missing or zero in the Excel file

22. Product: Row 22 (ID: Unknown)
   Error: Missing product ID
   Details: Product ID is required but was missing or zero in the Excel file

23. Product: Row 23 (ID: Unknown)
   Error: Missing product ID
   Details: Product ID is required but was missing or zero in the Excel file

24. Product: Row 24 (ID: Unknown)
   Error: Missing product ID
   Details: Product ID is required but was missing or zero in the Excel file

25. Product: Row 25 (ID: Unknown)
   Error: Missing product ID
   Details: Product ID is required but was missing or zero in the Excel file

26. Product: Row 26 (ID: Unknown)
   Error: Missing product ID
   Details: Product ID is required but was missing or zero in the Excel file

27. Product: Row 27 (ID: Unknown)
   Error: Missing product ID
   Details: Product ID is required but was missing or zero in the Excel file

28. Product: Row 28 (ID: Unknown)
   Error: Missing product ID
   Details: Product ID is required but was missing or zero in the Excel file

29. Product: Row 29 (ID: Unknown)
   Error: Missing product ID
   Details: Product ID is required but was missing or zero in the Excel file

30. Product: Row 30 (ID: Unknown)
   Error: Missing product ID
   Details: Product ID is required but was missing or zero in the Excel file

31. Product: Row 31 (ID: Unknown)
   Error: Missing product ID
   Details: Product ID is required but was missing or zero in the Excel file

32. Product: Row 32 (ID: Unknown)
   Error: Missing product ID
   Details: Product ID is required but was missing or zero in the Excel file

33. Product: Row 33 (ID: Unknown)
   Error: Missing product ID
   Details: Product ID is required but was missing or zero in the Excel file

34. Product: Row 34 (ID: Unknown)
   Error: Missing product ID
   Details: Product ID is required but was missing or zero in the Excel file

35. Product: Row 35 (ID: Unknown)
   Error: Missing product ID
   Details: Product ID is required but was missing or zero in the Excel file

36. Product: Row 36 (ID: Unknown)
   Error: Missing product ID
   Details: Product ID is required but was missing or zero in the Excel file

37. Product: Row 37 (ID: Unknown)
   Error: Missing product ID
   Details: Product ID is required but was missing or zero in the Excel file

38. Product: Row 38 (ID: Unknown)
   Error: Missing product ID
   Details: Product ID is required but was missing or zero in the Excel file

39. Product: Row 39 (ID: Unknown)
   Error: Missing product ID
   Details: Product ID is required but was missing or zero in the Excel file

40. Product: Row 40 (ID: Unknown)
   Error: Missing product ID
   Details: Product ID is required but was missing or zero in the Excel file

41. Product: Row 41 (ID: Unknown)
   Error: Missing product ID
   Details: Product ID is required but was missing or zero in the Excel file

42. Product: Row 42 (ID: Unknown)
   Error: Missing product ID
   Details: Product ID is required but was missing or zero in the Excel file

43. Product: Row 43 (ID: Unknown)
   Error: Missing product ID
   Details: Product ID is required but was missing or zero in the Excel file

44. Product: Row 44 (ID: Unknown)
   Error: Missing product ID
   Details: Product ID is required but was missing or zero in the Excel file

45. Product: Row 45 (ID: Unknown)
   Error: Missing product ID
   Details: Product ID is required but was missing or zero in the Excel file

46. Product: Row 46 (ID: Unknown)
   Error: Missing product ID
   Details: Product ID is required but was missing or zero in the Excel file

47. Product: Row 47 (ID: Unknown)
   Error: Missing product ID
   Details: Product ID is required but was missing or zero in the Excel file

48. Product: Row 48 (ID: Unknown)
   Error: Missing product ID
   Details: Product ID is required but was missing or zero in the Excel file

49. Product: Row 49 (ID: Unknown)
   Error: Missing product ID
   Details: Product ID is required but was missing or zero in the Excel file

50. Product: Row 50 (ID: Unknown)
   Error: Missing product ID
   Details: Product ID is required but was missing or zero in the Excel file

